# JRE version: OpenJDK Runtime Environment (8.0_151-b12) (build 1.8.0_151-8u151-b12-0ubuntu0.16.04.2-b12)
# Java VM: OpenJDK 64-Bit Server VM (25.151-b12 mixed mode linux-amd64 compressed oops)
Heap:
 PSYoungGen      total 35328K, used 3566K [0x00000000ec000000, 0x00000000ee700000, 0x0000000100000000)
  eden space 30720K, 0% used [0x00000000ec000000,0x00000000ec000000,0x00000000ede00000)
  from space 4608K, 77% used [0x00000000ede00000,0x00000000ee17b968,0x00000000ee280000)
  to   space 4608K, 0% used [0x00000000ee280000,0x00000000ee280000,0x00000000ee700000)
 ParOldGen       total 40960K, used 6049K [0x00000000c4000000, 0x00000000c6800000, 0x00000000ec000000)
  object space 40960K, 14% used [0x00000000c4000000,0x00000000c45e87a8,0x00000000c6800000)
 Metaspace       used 17219K, capacity 17714K, committed 18048K, reserved 1064960K
  class space    used 2197K, capacity 2359K, committed 2432K, reserved 1048576K
GC Heap History (10 events):
Event: 5.666 GC heap after
Heap after GC invocations=2 (full 0):
 PSYoungGen      total 17920K, used 2553K [0x00000000ec000000, 0x00000000ed400000, 0x0000000100000000)
  eden space 15360K, 0% used [0x00000000ec000000,0x00000000ec000000,0x00000000ecf00000)
  from space 2560K, 99% used [0x00000000ed180000,0x00000000ed3fe6c8,0x00000000ed400000)
  to   space 2560K, 0% used [0x00000000ecf00000,0x00000000ecf00000,0x00000000ed180000)
 ParOldGen       total 40960K, used 889K [0x00000000c4000000, 0x00000000c6800000, 0x00000000ec000000)
  object space 40960K, 2% used [0x00000000c4000000,0x00000000c40de780,0x00000000c6800000)
 Metaspace       used 9216K, capacity 9382K, committed 9728K, reserved 1058816K
  class space    used 1067K, capacity 1167K, committed 1280K, reserved 1048576K
}
Event: 7.476 GC heap before
{Heap before GC invocations=3 (full 0):
 PSYoungGen      total 17920K, used 17913K [0x00000000ec000000, 0x00000000ed400000, 0x0000000100000000)
  eden space 15360K, 100% used [0x00000000ec000000,0x00000000ecf00000,0x00000000ecf00000)
  from space 2560K, 99% used [0x00000000ed180000,0x00000000ed3fe6c8,0x00000000ed400000)
  to   space 2560K, 0% used [0x00000000ecf00000,0x00000000ecf00000,0x00000000ed180000)
 ParOldGen       total 40960K, used 889K [0x00000000c4000000, 0x00000000c6800000, 0x00000000ec000000)
  object space 40960K, 2% used [0x00000000c4000000,0x00000000c40de780,0x00000000c6800000)
 Metaspace       used 11131K, capacity 11504K, committed 11776K, reserved 1058816K
  class space    used 1315K, capacity 1430K, committed 1536K, reserved 1048576K
Event: 7.485 GC heap after
Heap after GC invocations=3 (full 0):
 PSYoungGen      total 17920K, used 2530K [0x00000000ec000000, 0x00000000ed400000, 0x0000000100000000)
  eden space 15360K, 0% used [0x00000000ec000000,0x00000000ec000000,0x00000000ecf00000)
  from space 2560K, 98% used [0x00000000ecf00000,0x00000000ed178ac0,0x00000000ed180000)
  to   space 2560K, 0% used [0x00000000ed180000,0x00000000ed180000,0x00000000ed400000)
 ParOldGen       total 40960K, used 2051K [0x00000000c4000000, 0x00000000c6800000, 0x00000000ec000000)
  object space 40960K, 5% used [0x00000000c4000000,0x00000000c4200ed0,0x00000000c6800000)
 Metaspace       used 11131K, capacity 11504K, committed 11776K, reserved 1058816K
  class space    used 1315K, capacity 1430K, committed 1536K, reserved 1048576K
}
Event: 17.639 GC heap before
{Heap before GC invocations=4 (full 0):
 PSYoungGen      total 17920K, used 17890K [0x00000000ec000000, 0x00000000ed400000, 0x0000000100000000)
  eden space 15360K, 100% used [0x00000000ec000000,0x00000000ecf00000,0x00000000ecf00000)
  from space 2560K, 98% used [0x00000000ecf00000,0x00000000ed178ac0,0x00000000ed180000)
  to   space 2560K, 0% used [0x00000000ed180000,0x00000000ed180000,0x00000000ed400000)
 ParOldGen       total 40960K, used 2051K [0x00000000c4000000, 0x00000000c6800000, 0x00000000ec000000)
  object space 40960K, 5% used [0x00000000c4000000,0x00000000c4200ed0,0x00000000c6800000)
 Metaspace       used 13021K, capacity 13328K, committed 13440K, reserved 1060864K
  class space    used 1557K, capacity 1650K, committed 1664K, reserved 1048576K
Event: 19.861 GC heap after
Heap after GC invocations=4 (full 0):
 PSYoungGen      total 17920K, used 2551K [0x00000000ec000000, 0x00000000ee300000, 0x0000000100000000)
  eden space 15360K, 0% used [0x00000000ec000000,0x00000000ec000000,0x00000000ecf00000)
  from space 2560K, 99% used [0x00000000ed180000,0x00000000ed3fdc78,0x00000000ed400000)
  to   space 2560K, 0% used [0x00000000ecf00000,0x00000000ecf00000,0x00000000ed180000)
 ParOldGen       total 40960K, used 3420K [0x00000000c4000000, 0x00000000c6800000, 0x00000000ec000000)
  object space 40960K, 8% used [0x00000000c4000000,0x00000000c4357180,0x00000000c6800000)
 Metaspace       used 13021K, capacity 13328K, committed 13440K, reserved 1060864K
  class space    used 1557K, capacity 1650K, committed 1664K, reserved 1048576K
}
Event: 35.734 GC heap before
{Heap before GC invocations=5 (full 0):
 PSYoungGen      total 17920K, used 17911K [0x00000000ec000000, 0x00000000ee300000, 0x0000000100000000)
  eden space 15360K, 100% used [0x00000000ec000000,0x00000000ecf00000,0x00000000ecf00000)
  from space 2560K, 99% used [0x00000000ed180000,0x00000000ed3fdc78,0x00000000ed400000)
  to   space 2560K, 0% used [0x00000000ecf00000,0x00000000ecf00000,0x00000000ed180000)
 ParOldGen       total 40960K, used 3420K [0x00000000c4000000, 0x00000000c6800000, 0x00000000ec000000)
  object space 40960K, 8% used [0x00000000c4000000,0x00000000c4357180,0x00000000c6800000)
 Metaspace       used 14496K, capacity 14978K, committed 15232K, reserved 1062912K
  class space    used 1737K, capacity 1887K, committed 1920K, reserved 1048576K
Event: 35.971 GC heap after
Heap after GC invocations=5 (full 0):
 PSYoungGen      total 17920K, used 2530K [0x00000000ec000000, 0x00000000ee700000, 0x0000000100000000)
  eden space 15360K, 0% used [0x00000000ec000000,0x00000000ec000000,0x00000000ecf00000)
  from space 2560K, 98% used [0x00000000ecf00000,0x00000000ed178ac0,0x00000000ed180000)
  to   space 4608K, 0% used [0x00000000ee280000,0x00000000ee280000,0x00000000ee700000)
 ParOldGen       total 40960K, used 4655K [0x00000000c4000000, 0x00000000c6800000, 0x00000000ec000000)
  object space 40960K, 11% used [0x00000000c4000000,0x00000000c448bcf8,0x00000000c6800000)
 Metaspace       used 14496K, capacity 14978K, committed 15232K, reserved 1062912K
  class space    used 1737K, capacity 1887K, committed 1920K, reserved 1048576K
}
Event: 41.895 GC heap before
{Heap before GC invocations=6 (full 0):
 PSYoungGen      total 17920K, used 17890K [0x00000000ec000000, 0x00000000ee700000, 0x0000000100000000)
  eden space 15360K, 100% used [0x00000000ec000000,0x00000000ecf00000,0x00000000ecf00000)
  from space 2560K, 98% used [0x00000000ecf00000,0x00000000ed178ac0,0x00000000ed180000)
  to   space 4608K, 0% used [0x00000000ee280000,0x00000000ee280000,0x00000000ee700000)
 ParOldGen       total 40960K, used 4655K [0x00000000c4000000, 0x00000000c6800000, 0x00000000ec000000)
  object space 40960K, 11% used [0x00000000c4000000,0x00000000c448bcf8,0x00000000c6800000)
 Metaspace       used 15501K, capacity 15970K, committed 16256K, reserved 1062912K
  class space    used 1929K, capacity 2061K, committed 2176K, reserved 1048576K
Event: 42.425 GC heap after
Heap after GC invocations=6 (full 0):
 PSYoungGen      total 35328K, used 3524K [0x00000000ec000000, 0x00000000ee700000, 0x0000000100000000)
  eden space 30720K, 0% used [0x00000000ec000000,0x00000000ec000000,0x00000000ede00000)
  from space 4608K, 76% used [0x00000000ee280000,0x00000000ee5f11d0,0x00000000ee700000)
  to   space 4608K, 0% used [0x00000000ede00000,0x00000000ede00000,0x00000000ee280000)
 ParOldGen       total 40960K, used 4655K [0x00000000c4000000, 0x00000000c6800000, 0x00000000ec000000)
  object space 40960K, 11% used [0x00000000c4000000,0x00000000c448bcf8,0x00000000c6800000)
 Metaspace       used 15501K, capacity 15970K, committed 16256K, reserved 1062912K
  class space    used 1929K, capacity 2061K, committed 2176K, reserved 1048576K
}
Event: 51.415 GC heap before
{Heap before GC invocations=7 (full 0):
 PSYoungGen      total 35328K, used 34244K [0x00000000ec000000, 0x00000000ee700000, 0x0000000100000000)
  eden space 30720K, 100% used [0x00000000ec000000,0x00000000ede00000,0x00000000ede00000)
  from space 4608K, 76% used [0x00000000ee280000,0x00000000ee5f11d0,0x00000000ee700000)
  to   space 4608K, 0% used [0x00000000ede00000,0x00000000ede00000,0x00000000ee280000)
 ParOldGen       total 40960K, used 4655K [0x00000000c4000000, 0x00000000c6800000, 0x00000000ec000000)
  object space 40960K, 11% used [0x00000000c4000000,0x00000000c448bcf8,0x00000000c6800000)
 Metaspace       used 17219K, capacity 17714K, committed 18048K, reserved 1064960K
  class space    used 2197K, capacity 2359K, committed 2432K, reserved 1048576K

